<?xml version="1.0" encoding="UTF-8"?>
<testng-results ignored="0" total="1" passed="1" failed="0" skipped="0">
  <reporter-output>
  </reporter-output>
  <suite started-at="2023-06-07T12:32:21 IST" name="Default suite" finished-at="2023-06-07T12:33:35 IST" duration-ms="74250">
    <groups>
    </groups>
    <test started-at="2023-06-07T12:32:21 IST" name="Default test" finished-at="2023-06-07T12:33:35 IST" duration-ms="74250">
      <class name="com.MainFramework.Demoshop.DemoShopTestCases">
        <test-method is-config="true" signature="Setup()[pri:0, instance:com.MainFramework.Demoshop.DemoShopTestCases@696da30b]" started-at="2023-06-07T12:32:21 IST" name="Setup" finished-at="2023-06-07T12:33:16 IST" duration-ms="55285" status="PASS">
          <reporter-output>
          </reporter-output>
        </test-method> <!-- Setup -->
        <test-method signature="TestCase()[pri:0, instance:com.MainFramework.Demoshop.DemoShopTestCases@696da30b]" started-at="2023-06-07T12:33:16 IST" name="TestCase" finished-at="2023-06-07T12:33:35 IST" duration-ms="18816" status="PASS">
          <reporter-output>
          </reporter-output>
        </test-method> <!-- TestCase -->
      </class> <!-- com.MainFramework.Demoshop.DemoShopTestCases -->
    </test> <!-- Default test -->
  </suite> <!-- Default suite -->
</testng-results>
